13:00:15 **** Incremental Build of configuration Debug for project CompleteVision_MAIN ****
make all 
Building file: ../src/CompleteVision_MAIN.cpp
Invoking: GCC C++ Compiler
g++ -m32 -I/opt/local/include -O0 -g3 -Wall -c -fmessage-length=0 -MMD -MP -MF"src/CompleteVision_MAIN.d" -MT"src/CompleteVision_MAIN.d" -o "src/CompleteVision_MAIN.o" "../src/CompleteVision_MAIN.cpp"
../src/CompleteVision_MAIN.cpp:199:7: error: no matching member function for call to 'at'
                                R.at<CV_8UC1>(i,j) = frame.at<CV_8UC3>(i,j)[2];
                                ~~^~~~~~~~~~~
/opt/local/include/opencv2/core/mat.hpp:533:41: note: candidate template ignored: invalid explicitly-specified argument for template parameter '_Tp'
template<typename _Tp> inline _Tp& Mat::at(int i0, int i1)
                                        ^
/opt/local/include/opencv2/core/mat.hpp:541:47: note: candidate template ignored: invalid explicitly-specified argument for template parameter '_Tp'
template<typename _Tp> inline const _Tp& Mat::at(int i0, int i1) const
                                              ^
/opt/local/include/opencv2/core/mat.hpp:565:41: note: candidate function template not viable: allows at most single argument 'i0', but 2 arguments were provided
template<typename _Tp> inline _Tp& Mat::at(int i0)
                                        ^
/opt/local/include/opencv2/core/mat.hpp:578:47: note: candidate function template not viable: allows at most single argument 'i0', but 2 arguments were provided
template<typename _Tp> inline const _Tp& Mat::at(int i0) const
                                              ^
/opt/local/include/opencv2/core/mat.hpp:591:41: note: candidate function template not viable: requires 3 arguments, but 2 were provided
template<typename _Tp> inline _Tp& Mat::at(int i0, int i1, int i2)
                                        ^
/opt/local/include/opencv2/core/mat.hpp:596:47: note: candidate function template not viable: requires 3 arguments, but 2 were provided
template<typename _Tp> inline const _Tp& Mat::at(int i0, int i1, int i2) const
                                              ^
/opt/local/include/opencv2/core/mat.hpp:549:41: note: candidate function template not viable: requires single argument 'pt', but 2 arguments were provided
template<typename _Tp> inline _Tp& Mat::at(Point pt)
                                        ^
/opt/local/include/opencv2/core/mat.hpp:557:47: note: candidate function template not viable: requires single argument 'pt', but 2 arguments were provided
template<typename _Tp> inline const _Tp& Mat::at(Point pt) const
                                              ^
/opt/local/include/opencv2/core/mat.hpp:601:41: note: candidate function template not viable: requires single argument 'idx', but 2 arguments were provided
template<typename _Tp> inline _Tp& Mat::at(const int* idx)
                                        ^
/opt/local/include/opencv2/core/mat.hpp:606:47: note: candidate function template not viable: requires single argument 'idx', but 2 arguments were provided
template<typename _Tp> inline const _Tp& Mat::at(const int* idx) const
                                              ^
/opt/local/include/opencv2/core/mat.hpp:611:41: note: candidate function template not viable: requires single argument 'idx', but 2 arguments were provided
template<typename _Tp, int n> _Tp& Mat::at(const Vec<int, n>& idx)
                                        ^
/opt/local/include/opencv2/core/mat.hpp:616:54: note: candidate function template not viable: requires single argument 'idx', but 2 arguments were provided
template<typename _Tp, int n> inline const _Tp& Mat::at(const Vec<int, n>& idx) const
                                                     ^
../src/CompleteVision_MAIN.cpp:199:32: error: no matching member function for call to 'at'
                                R.at<CV_8UC1>(i,j) = frame.at<CV_8UC3>(i,j)[2];
                                                     ~~~~~~^~~~~~~~~~~
/opt/local/include/opencv2/core/mat.hpp:533:41: note: candidate template ignored: invalid explicitly-specified argument for template parameter '_Tp'
template<typename _Tp> inline _Tp& Mat::at(int i0, int i1)
                                        ^
/opt/local/include/opencv2/core/mat.hpp:541:47: note: candidate template ignored: invalid explicitly-specified argument for template parameter '_Tp'
template<typename _Tp> inline const _Tp& Mat::at(int i0, int i1) const
                                              ^
/opt/local/include/opencv2/core/mat.hpp:565:41: note: candidate function template not viable: allows at most single argument 'i0', but 2 arguments were provided
template<typename _Tp> inline _Tp& Mat::at(int i0)
                                        ^
/opt/local/include/opencv2/core/mat.hpp:578:47: note: candidate function template not viable: allows at most single argument 'i0', but 2 arguments were provided
template<typename _Tp> inline const _Tp& Mat::at(int i0) const
                                              ^
/opt/local/include/opencv2/core/mat.hpp:591:41: note: candidate function template not viable: requires 3 arguments, but 2 were provided
template<typename _Tp> inline _Tp& Mat::at(int i0, int i1, int i2)
                                        ^
/opt/local/include/opencv2/core/mat.hpp:596:47: note: candidate function template not viable: requires 3 arguments, but 2 were provided
template<typename _Tp> inline const _Tp& Mat::at(int i0, int i1, int i2) const
                                              ^
/opt/local/include/opencv2/core/mat.hpp:549:41: note: candidate function template not viable: requires single argument 'pt', but 2 arguments were provided
template<typename _Tp> inline _Tp& Mat::at(Point pt)
                                        ^
/opt/local/include/opencv2/core/mat.hpp:557:47: note: candidate function template not viable: requires single argument 'pt', but 2 arguments were provided
template<typename _Tp> inline const _Tp& Mat::at(Point pt) const
                                              ^
/opt/local/include/opencv2/core/mat.hpp:601:41: note: candidate function template not viable: requires single argument 'idx', but 2 arguments were provided
template<typename _Tp> inline _Tp& Mat::at(const int* idx)
                                        ^
/opt/local/include/opencv2/core/mat.hpp:606:47: note: candidate function template not viable: requires single argument 'idx', but 2 arguments were provided
template<typename _Tp> inline const _Tp& Mat::at(const int* idx) const
                                              ^
/opt/local/include/opencv2/core/mat.hpp:611:41: note: candidate function template not viable: requires single argument 'idx', but 2 arguments were provided
template<typename _Tp, int n> _Tp& Mat::at(const Vec<int, n>& idx)
                                        ^
/opt/local/include/opencv2/core/mat.hpp:616:54: note: candidate function template not viable: requires single argument 'idx', but 2 arguments were provided
template<typename _Tp, int n> inline const _Tp& Mat::at(const Vec<int, n>& idx) const
                                                     ^
2 errors generated.
make: *** [src/CompleteVision_MAIN.o] Error 1
10:35:13 **** Incremental Build of configuration Debug for project CompleteVision_MAIN ****
make all 
Building file: ../src/CompleteVision_MAIN.cpp
Invoking: GCC C++ Compiler
g++ -m32 -I/opt/local/include -O0 -g3 -Wall -c -fmessage-length=0 -MMD -MP -MF"src/CompleteVision_MAIN.d" -MT"src/CompleteVision_MAIN.d" -o "src/CompleteVision_MAIN.o" "../src/CompleteVision_MAIN.cpp"
Finished building: ../src/CompleteVision_MAIN.cpp
 
Building file: ../src/PnPObj.cpp
Invoking: GCC C++ Compiler
g++ -m32 -I/opt/local/include -O0 -g3 -Wall -c -fmessage-length=0 -MMD -MP -MF"src/PnPObj.d" -MT"src/PnPObj.d" -o "src/PnPObj.o" "../src/PnPObj.cpp"
../src/PnPObj.cpp:490:84: warning: implicit conversion from 'double' to 'int' changes value from 1.2 to 1 [-Wliteral-conversion]
        putText(src, stateText1, textPt1, cv::FONT_HERSHEY_PLAIN, 1, cv::Scalar(0,0,255), 1.2);
        ~~~~~~~                                                                           ^~~
../src/PnPObj.cpp:491:84: warning: implicit conversion from 'double' to 'int' changes value from 1.2 to 1 [-Wliteral-conversion]
        putText(src, stateText2, textPt2, cv::FONT_HERSHEY_PLAIN, 1, cv::Scalar(0,0,255), 1.2);
        ~~~~~~~                                                                           ^~~
../src/PnPObj.cpp:492:81: warning: implicit conversion from 'double' to 'int' changes value from 1.2 to 1 [-Wliteral-conversion]
        putText(src, errText, textPt3, cv::FONT_HERSHEY_PLAIN, 1, cv::Scalar(0,0,255), 1.2);
        ~~~~~~~                                                                        ^~~
../src/PnPObj.cpp:639:16: warning: variable 'point5' is used uninitialized whenever 'for' loop exits because its condition is false [-Wsometimes-uninitialized]
        for (int i=0; i<NO_LEDS; i++) {
                      ^~~~~~~~~
../src/PnPObj.cpp:647:40: note: uninitialized use occurs here
        newImagePoints[2] = bufferImagePoints[point5];
                                              ^~~~~~
../src/PnPObj.cpp:639:16: note: remove the condition if it is always true
        for (int i=0; i<NO_LEDS; i++) {
                      ^~~~~~~~~
../src/PnPObj.cpp:638:12: note: initialize the variable 'point5' to silence this warning
        int point5;
                  ^
                   = 0
4 warnings generated.
Finished building: ../src/PnPObj.cpp
 
Building file: ../src/Threshold.cpp
Invoking: GCC C++ Compiler
g++ -m32 -I/opt/local/include -O0 -g3 -Wall -c -fmessage-length=0 -MMD -MP -MF"src/Threshold.d" -MT"src/Threshold.d" -o "src/Threshold.o" "../src/Threshold.cpp"
Finished building: ../src/Threshold.cpp
 
Building target: CompleteVision_MAIN
Invoking: MacOS X C++ Linker
g++ -m32 -L/opt/local/lib -o "CompleteVision_MAIN"  ./src/CamObj.o ./src/CompleteVision_MAIN.o ./src/FPSCounter.o ./src/KalmanFilter.o ./src/PnPObj.o ./src/Threshold.o ./src/customblobdetector.o   -lopencv_core -lopencv_highgui -lopencv_imgproc -lopencv_features2d -lopencv_calib3d -lopencv_objdetect
Finished building target: CompleteVision_MAIN
 
10:35:42 **** Incremental Build of configuration Debug for project CompleteVision_MAIN ****
make all 
make: Nothing to be done for `all'.
10:36:31 **** Incremental Build of configuration Debug for project CompleteVision_MAIN ****
make all 
Building file: ../src/CompleteVision_MAIN.cpp
Invoking: GCC C++ Compiler
g++ -m32 -I/opt/local/include -O0 -g3 -Wall -c -fmessage-length=0 -MMD -MP -MF"src/CompleteVision_MAIN.d" -MT"src/CompleteVision_MAIN.d" -o "src/CompleteVision_MAIN.o" "../src/CompleteVision_MAIN.cpp"
Finished building: ../src/CompleteVision_MAIN.cpp
 
Building target: CompleteVision_MAIN
Invoking: MacOS X C++ Linker
g++ -m32 -L/opt/local/lib -o "CompleteVision_MAIN"  ./src/CamObj.o ./src/CompleteVision_MAIN.o ./src/FPSCounter.o ./src/KalmanFilter.o ./src/PnPObj.o ./src/Threshold.o ./src/customblobdetector.o   -lopencv_core -lopencv_highgui -lopencv_imgproc -lopencv_features2d -lopencv_calib3d -lopencv_objdetect
Finished building target: CompleteVision_MAIN
 
10:38:05 **** Incremental Build of configuration Debug for project CompleteVision_MAIN ****
make all 
Building file: ../src/CompleteVision_MAIN.cpp
Invoking: GCC C++ Compiler
g++ -m32 -I/opt/local/include -O0 -g3 -Wall -c -fmessage-length=0 -MMD -MP -MF"src/CompleteVision_MAIN.d" -MT"src/CompleteVision_MAIN.d" -o "src/CompleteVision_MAIN.o" "../src/CompleteVision_MAIN.cpp"
Finished building: ../src/CompleteVision_MAIN.cpp
 
Building target: CompleteVision_MAIN
Invoking: MacOS X C++ Linker
g++ -m32 -L/opt/local/lib -o "CompleteVision_MAIN"  ./src/CamObj.o ./src/CompleteVision_MAIN.o ./src/FPSCounter.o ./src/KalmanFilter.o ./src/PnPObj.o ./src/Threshold.o ./src/customblobdetector.o   -lopencv_core -lopencv_highgui -lopencv_imgproc -lopencv_features2d -lopencv_calib3d -lopencv_objdetect
Finished building target: CompleteVision_MAIN
 
10:39:06 **** Incremental Build of configuration Debug for project CompleteVision_MAIN ****
make all 
Building file: ../src/CompleteVision_MAIN.cpp
Invoking: GCC C++ Compiler
g++ -m32 -I/opt/local/include -O0 -g3 -Wall -c -fmessage-length=0 -MMD -MP -MF"src/CompleteVision_MAIN.d" -MT"src/CompleteVision_MAIN.d" -o "src/CompleteVision_MAIN.o" "../src/CompleteVision_MAIN.cpp"
Finished building: ../src/CompleteVision_MAIN.cpp
 
Building target: CompleteVision_MAIN
Invoking: MacOS X C++ Linker
g++ -m32 -L/opt/local/lib -o "CompleteVision_MAIN"  ./src/CamObj.o ./src/CompleteVision_MAIN.o ./src/FPSCounter.o ./src/KalmanFilter.o ./src/PnPObj.o ./src/Threshold.o ./src/customblobdetector.o   -lopencv_core -lopencv_highgui -lopencv_imgproc -lopencv_features2d -lopencv_calib3d -lopencv_objdetect
Finished building target: CompleteVision_MAIN
 
10:56:24 **** Incremental Build of configuration Debug for project CompleteVision_MAIN ****
make all 
Building file: ../src/CompleteVision_MAIN.cpp
Invoking: GCC C++ Compiler
g++ -m32 -I/opt/local/include -O0 -g3 -Wall -c -fmessage-length=0 -MMD -MP -MF"src/CompleteVision_MAIN.d" -MT"src/CompleteVision_MAIN.d" -o "src/CompleteVision_MAIN.o" "../src/CompleteVision_MAIN.cpp"
Finished building: ../src/CompleteVision_MAIN.cpp
 
Building target: CompleteVision_MAIN
Invoking: MacOS X C++ Linker
g++ -m32 -L/opt/local/lib -o "CompleteVision_MAIN"  ./src/CamObj.o ./src/CompleteVision_MAIN.o ./src/FPSCounter.o ./src/KalmanFilter.o ./src/PnPObj.o ./src/Threshold.o ./src/customblobdetector.o   -lopencv_core -lopencv_highgui -lopencv_imgproc -lopencv_features2d -lopencv_calib3d -lopencv_objdetect
Finished building target: CompleteVision_MAIN
 
11:02:29 **** Incremental Build of configuration Debug for project CompleteVision_MAIN ****
make all 
make: Nothing to be done for `all'.
11:17:35 **** Incremental Build of configuration Debug for project CompleteVision_MAIN ****
make all 
Building file: ../src/CompleteVision_MAIN.cpp
Invoking: GCC C++ Compiler
g++ -m32 -I/opt/local/include -O0 -g3 -Wall -c -fmessage-length=0 -MMD -MP -MF"src/CompleteVision_MAIN.d" -MT"src/CompleteVision_MAIN.d" -o "src/CompleteVision_MAIN.o" "../src/CompleteVision_MAIN.cpp"
Finished building: ../src/CompleteVision_MAIN.cpp
 
Building target: CompleteVision_MAIN
Invoking: MacOS X C++ Linker
g++ -m32 -L/opt/local/lib -o "CompleteVision_MAIN"  ./src/CamObj.o ./src/CompleteVision_MAIN.o ./src/FPSCounter.o ./src/KalmanFilter.o ./src/PnPObj.o ./src/Threshold.o ./src/customblobdetector.o   -lopencv_core -lopencv_highgui -lopencv_imgproc -lopencv_features2d -lopencv_calib3d -lopencv_objdetect
Finished building target: CompleteVision_MAIN
 
11:21:24 **** Incremental Build of configuration Debug for project CompleteVision_MAIN ****
make all 
Building file: ../src/CompleteVision_MAIN.cpp
Invoking: GCC C++ Compiler
g++ -m32 -I/opt/local/include -O0 -g3 -Wall -c -fmessage-length=0 -MMD -MP -MF"src/CompleteVision_MAIN.d" -MT"src/CompleteVision_MAIN.d" -o "src/CompleteVision_MAIN.o" "../src/CompleteVision_MAIN.cpp"
Finished building: ../src/CompleteVision_MAIN.cpp
 
Building target: CompleteVision_MAIN
Invoking: MacOS X C++ Linker
g++ -m32 -L/opt/local/lib -o "CompleteVision_MAIN"  ./src/CamObj.o ./src/CompleteVision_MAIN.o ./src/FPSCounter.o ./src/KalmanFilter.o ./src/PnPObj.o ./src/Threshold.o ./src/customblobdetector.o   -lopencv_core -lopencv_highgui -lopencv_imgproc -lopencv_features2d -lopencv_calib3d -lopencv_objdetect
Finished building target: CompleteVision_MAIN
 
11:26:02 **** Incremental Build of configuration Debug for project CompleteVision_MAIN ****
make all 
make: Nothing to be done for `all'.
11:31:19 **** Incremental Build of configuration Debug for project CompleteVision_MAIN ****
make all 
Building file: ../src/CompleteVision_MAIN.cpp
Invoking: GCC C++ Compiler
g++ -m32 -I/opt/local/include -O0 -g3 -Wall -c -fmessage-length=0 -MMD -MP -MF"src/CompleteVision_MAIN.d" -MT"src/CompleteVision_MAIN.d" -o "src/CompleteVision_MAIN.o" "../src/CompleteVision_MAIN.cpp"
Finished building: ../src/CompleteVision_MAIN.cpp
 
Building target: CompleteVision_MAIN
Invoking: MacOS X C++ Linker
g++ -m32 -L/opt/local/lib -o "CompleteVision_MAIN"  ./src/CamObj.o ./src/CompleteVision_MAIN.o ./src/FPSCounter.o ./src/KalmanFilter.o ./src/PnPObj.o ./src/Threshold.o ./src/customblobdetector.o   -lopencv_core -lopencv_highgui -lopencv_imgproc -lopencv_features2d -lopencv_calib3d -lopencv_objdetect
Finished building target: CompleteVision_MAIN
 
11:46:10 **** Incremental Build of configuration Debug for project CompleteVision_MAIN ****
make all 
Building file: ../src/CompleteVision_MAIN.cpp
Invoking: GCC C++ Compiler
g++ -m32 -I/opt/local/include -O0 -g3 -Wall -c -fmessage-length=0 -MMD -MP -MF"src/CompleteVision_MAIN.d" -MT"src/CompleteVision_MAIN.d" -o "src/CompleteVision_MAIN.o" "../src/CompleteVision_MAIN.cpp"
Finished building: ../src/CompleteVision_MAIN.cpp
 
Building file: ../src/PnPObj.cpp
Invoking: GCC C++ Compiler
g++ -m32 -I/opt/local/include -O0 -g3 -Wall -c -fmessage-length=0 -MMD -MP -MF"src/PnPObj.d" -MT"src/PnPObj.d" -o "src/PnPObj.o" "../src/PnPObj.cpp"
../src/PnPObj.cpp:490:84: warning: implicit conversion from 'double' to 'int' changes value from 1.2 to 1 [-Wliteral-conversion]
        putText(src, stateText1, textPt1, cv::FONT_HERSHEY_PLAIN, 1, cv::Scalar(0,0,255), 1.2);
        ~~~~~~~                                                                           ^~~
../src/PnPObj.cpp:491:84: warning: implicit conversion from 'double' to 'int' changes value from 1.2 to 1 [-Wliteral-conversion]
        putText(src, stateText2, textPt2, cv::FONT_HERSHEY_PLAIN, 1, cv::Scalar(0,0,255), 1.2);
        ~~~~~~~                                                                           ^~~
../src/PnPObj.cpp:492:81: warning: implicit conversion from 'double' to 'int' changes value from 1.2 to 1 [-Wliteral-conversion]
        putText(src, errText, textPt3, cv::FONT_HERSHEY_PLAIN, 1, cv::Scalar(0,0,255), 1.2);
        ~~~~~~~                                                                        ^~~
../src/PnPObj.cpp:639:16: warning: variable 'point5' is used uninitialized whenever 'for' loop exits because its condition is false [-Wsometimes-uninitialized]
        for (int i=0; i<NO_LEDS; i++) {
                      ^~~~~~~~~
../src/PnPObj.cpp:647:40: note: uninitialized use occurs here
        newImagePoints[2] = bufferImagePoints[point5];
                                              ^~~~~~
../src/PnPObj.cpp:639:16: note: remove the condition if it is always true
        for (int i=0; i<NO_LEDS; i++) {
                      ^~~~~~~~~
../src/PnPObj.cpp:638:12: note: initialize the variable 'point5' to silence this warning
        int point5;
                  ^
                   = 0
4 warnings generated.
Finished building: ../src/PnPObj.cpp
 
Building file: ../src/Threshold.cpp
Invoking: GCC C++ Compiler
g++ -m32 -I/opt/local/include -O0 -g3 -Wall -c -fmessage-length=0 -MMD -MP -MF"src/Threshold.d" -MT"src/Threshold.d" -o "src/Threshold.o" "../src/Threshold.cpp"
Finished building: ../src/Threshold.cpp
 
Building target: CompleteVision_MAIN
Invoking: MacOS X C++ Linker
g++ -m32 -L/opt/local/lib -o "CompleteVision_MAIN"  ./src/CamObj.o ./src/CompleteVision_MAIN.o ./src/FPSCounter.o ./src/KalmanFilter.o ./src/PnPObj.o ./src/Threshold.o ./src/customblobdetector.o   -lopencv_core -lopencv_highgui -lopencv_imgproc -lopencv_features2d -lopencv_calib3d -lopencv_objdetect
Finished building target: CompleteVision_MAIN
 
11:51:52 **** Incremental Build of configuration Debug for project CompleteVision_MAIN ****
make all 
Building file: ../src/CompleteVision_MAIN.cpp
Invoking: GCC C++ Compiler
g++ -m32 -I/opt/local/include -O0 -g3 -Wall -c -fmessage-length=0 -MMD -MP -MF"src/CompleteVision_MAIN.d" -MT"src/CompleteVision_MAIN.d" -o "src/CompleteVision_MAIN.o" "../src/CompleteVision_MAIN.cpp"
Finished building: ../src/CompleteVision_MAIN.cpp
 
Building target: CompleteVision_MAIN
Invoking: MacOS X C++ Linker
g++ -m32 -L/opt/local/lib -o "CompleteVision_MAIN"  ./src/CamObj.o ./src/CompleteVision_MAIN.o ./src/FPSCounter.o ./src/KalmanFilter.o ./src/PnPObj.o ./src/Threshold.o ./src/customblobdetector.o   -lopencv_core -lopencv_highgui -lopencv_imgproc -lopencv_features2d -lopencv_calib3d -lopencv_objdetect
Finished building target: CompleteVision_MAIN
 
